<?xml version="1.0" encoding="UTF-8"?>
<!-- Generated by org.testng.reporters.JUnitXMLReporter -->
<testsuite ignored="0" hostname="DESKTOP-LU23BNS" failures="0" tests="21" name="GHG Test" time="375.663" errors="0" timestamp="2021-02-12T22:24:27 EST">
  <testcase classname="com.ghg.GoalSubjectBuildings" name="reportB1" time="7.481"/>
  <testcase classname="com.ghg.GoalSubjectBuildings" name="reportB2" time="7.002"/>
  <testcase classname="com.ghg.GoalSubjectBuildings" name="reportB3" time="5.18"/>
  <testcase classname="com.ghg.GoalSubjectBuildings" name="reportB4" time="4.782"/>
  <testcase classname="com.ghg.GoalSubjectBuildings" name="reportB5" time="5.069"/>
  <testcase classname="com.ghg.GoalSubjectBuildings" name="reportB6" time="5.412"/>
  <testcase classname="com.ghg.EngUserSector" name="ReportA1" time="3.264"/>
  <testcase classname="com.ghg.EngUserSector" name="ReportA15" time="3.514"/>
  <testcase classname="com.ghg.EngUserSector" name="ReportA2" time="3.03"/>
  <testcase classname="com.ghg.EngUserSector" name="ReportA3" time="2.998"/>
  <testcase classname="com.ghg.EngUserSector" name="ReportA4" time="2.918"/>
  <testcase classname="com.ghg.EngUserSector" name="ReportA5" time="3.134"/>
  <testcase classname="com.ghg.EngUserSector" name="ReportA6" time="2.862"/>
  <testcase classname="com.ghg.EngUserSector" name="ReportA7" time="2.841"/>
  <testcase classname="com.ghg.EngUserSector" name="ReportA8" time="3.199"/>
  <testcase classname="com.ghg.RenewableEnergyAllEndUserSectors" name="reportA9" time="4.894"/>
  <testcase classname="com.ghg.RenewableEnergyAllEndUserSectors" name="reportA10" time="5.432"/>
  <testcase classname="com.ghg.RenewableEnergyAllEndUserSectors" name="reportA11" time="4.848"/>
  <testcase classname="com.ghg.RenewableEnergyAllEndUserSectors" name="reportA12" time="4.789"/>
  <testcase classname="com.ghg.RenewableEnergyAllEndUserSectors" name="reportA13" time="5.853"/>
  <testcase classname="com.ghg.RenewableEnergyAllEndUserSectors" name="reportA14" time="4.822"/>
</testsuite> <!-- GHG Test -->
