<?xml version="1.0" encoding="UTF-8"?>
<!-- Generated by org.testng.reporters.JUnitXMLReporter -->
<testsuite ignored="0" hostname="DESKTOP-LU23BNS" failures="0" tests="9" name="Default test" time="139.726" errors="0" timestamp="2021-02-12T22:15:03 EST">
  <testcase classname="com.ghg.EngUserSector" name="ReportA1" time="3.036"/>
  <testcase classname="com.ghg.EngUserSector" name="ReportA15" time="3.55"/>
  <testcase classname="com.ghg.EngUserSector" name="ReportA2" time="2.852"/>
  <testcase classname="com.ghg.EngUserSector" name="ReportA3" time="2.907"/>
  <testcase classname="com.ghg.EngUserSector" name="ReportA4" time="3.132"/>
  <testcase classname="com.ghg.EngUserSector" name="ReportA5" time="2.953"/>
  <testcase classname="com.ghg.EngUserSector" name="ReportA6" time="2.711"/>
  <testcase classname="com.ghg.EngUserSector" name="ReportA7" time="2.7"/>
  <testcase classname="com.ghg.EngUserSector" name="ReportA8" time="3.014"/>
</testsuite> <!-- Default test -->
