<?xml version="1.0" encoding="UTF-8"?>
<!-- Generated by org.testng.reporters.JUnitXMLReporter -->
<testsuite ignored="0" hostname="DESKTOP-LU23BNS" failures="0" tests="3" name="Default test" time="57.479" errors="0" timestamp="2021-02-21T17:34:26 EST">
  <testcase classname="com.ghg.WaterUseF13" name="ReportF1" time="5.343"/>
  <testcase classname="com.ghg.WaterUseF13" name="ReportF2" time="5.473"/>
  <testcase classname="com.ghg.WaterUseF13" name="ReportF3" time="4.878"/>
</testsuite> <!-- Default test -->
