<?xml version="1.0" encoding="UTF-8"?>
<!-- Generated by org.testng.reporters.JUnitXMLReporter -->
<testsuite ignored="0" hostname="DESKTOP-LU23BNS" failures="1" tests="9" name="Test" time="105.281" errors="0" timestamp="2021-02-10T21:03:19 EST">
  <testcase classname="com.ghg.RenewableEnergyAllEndUserSectors" name="@BeforeMethod clickpanel" time="20.081">
    <failure type="org.openqa.selenium.NoSuchElementException" message="no such element: Unable to locate element: {&amp;quot;method&amp;quot;:&amp;quot;xpath&amp;quot;,&amp;quot;selector&amp;quot;:&amp;quot;//span[@id=&amp;apos;mainContentPlaceHolder_GridLeft_lblGroupName2_0&amp;apos;]&amp;quot;}
  (Session info: chrome=88.0.4324.104)
For documentation on this error, please visit: https://www.seleniumhq.org/exceptions/no_such_element.html
Build info: version: &amp;apos;3.141.59&amp;apos;, revision: &amp;apos;e82be7d358&amp;apos;, time: &amp;apos;2018-11-14T08:17:03&amp;apos;
System info: host: &amp;apos;DESKTOP-LU23BNS&amp;apos;, ip: &amp;apos;192.168.1.191&amp;apos;, os.name: &amp;apos;Windows 10&amp;apos;, os.arch: &amp;apos;amd64&amp;apos;, os.version: &amp;apos;10.0&amp;apos;, java.version: &amp;apos;13.0.2&amp;apos;
Driver info: org.openqa.selenium.chrome.ChromeDriver
Capabilities {acceptInsecureCerts: false, browserName: chrome, browserVersion: 88.0.4324.104, chrome: {chromedriverVersion: 88.0.4324.96 (68dba2d8a0b14..., userDataDir: C:\Users\arun_\AppData\Loca...}, goog:chromeOptions: {debuggerAddress: localhost:57203}, javascriptEnabled: true, networkConnectionEnabled: false, pageLoadStrategy: normal, platform: WINDOWS, platformName: WINDOWS, proxy: Proxy(), setWindowRect: true, strictFileInteractability: false, timeouts: {implicit: 0, pageLoad: 300000, script: 30000}, unhandledPromptBehavior: dismiss and notify, webauthn:extension:largeBlob: true, webauthn:virtualAuthenticators: true}
Session ID: 7a94052d741c04e3ea770197b134b81f
*** Element info: {Using=xpath, value=//span[@id=&amp;apos;mainContentPlaceHolder_GridLeft_lblGroupName2_0&amp;apos;]}">
      <![CDATA[org.openqa.selenium.NoSuchElementException: no such element: Unable to locate element: {"method":"xpath","selector":"//span[@id='mainContentPlaceHolder_GridLeft_lblGroupName2_0']"}
  (Session info: chrome=88.0.4324.104)
For documentation on this error, please visit: https://www.seleniumhq.org/exceptions/no_such_element.html
Build info: version: '3.141.59', revision: 'e82be7d358', time: '2018-11-14T08:17:03'
System info: host: 'DESKTOP-LU23BNS', ip: '192.168.1.191', os.name: 'Windows 10', os.arch: 'amd64', os.version: '10.0', java.version: '13.0.2'
Driver info: org.openqa.selenium.chrome.ChromeDriver
Capabilities {acceptInsecureCerts: false, browserName: chrome, browserVersion: 88.0.4324.104, chrome: {chromedriverVersion: 88.0.4324.96 (68dba2d8a0b14..., userDataDir: C:\Users\arun_\AppData\Loca...}, goog:chromeOptions: {debuggerAddress: localhost:57203}, javascriptEnabled: true, networkConnectionEnabled: false, pageLoadStrategy: normal, platform: WINDOWS, platformName: WINDOWS, proxy: Proxy(), setWindowRect: true, strictFileInteractability: false, timeouts: {implicit: 0, pageLoad: 300000, script: 30000}, unhandledPromptBehavior: dismiss and notify, webauthn:extension:largeBlob: true, webauthn:virtualAuthenticators: true}
Session ID: 7a94052d741c04e3ea770197b134b81f
*** Element info: {Using=xpath, value=//span[@id='mainContentPlaceHolder_GridLeft_lblGroupName2_0']}
at org.openqa.selenium.remote.http.W3CHttpResponseCodec.createException(W3CHttpResponseCodec.java:187)
at org.openqa.selenium.remote.http.W3CHttpResponseCodec.decode(W3CHttpResponseCodec.java:122)
at org.openqa.selenium.remote.http.W3CHttpResponseCodec.decode(W3CHttpResponseCodec.java:49)
at org.openqa.selenium.remote.HttpCommandExecutor.execute(HttpCommandExecutor.java:158)
at org.openqa.selenium.remote.service.DriverCommandExecutor.execute(DriverCommandExecutor.java:83)
at org.openqa.selenium.remote.RemoteWebDriver.execute(RemoteWebDriver.java:552)
at org.openqa.selenium.remote.RemoteWebDriver.findElement(RemoteWebDriver.java:323)
at org.openqa.selenium.remote.RemoteWebDriver.findElementByXPath(RemoteWebDriver.java:428)
at org.openqa.selenium.By$ByXPath.findElement(By.java:353)
at org.openqa.selenium.remote.RemoteWebDriver.findElement(RemoteWebDriver.java:315)
at com.ghg.RenewableEnergyAllEndUserSectors.clickpanel(RenewableEnergyAllEndUserSectors.java:35)
at java.base/java.util.ArrayList.forEach(ArrayList.java:1507)
... Removed 36 stack frames]]>
    </failure>
  </testcase> <!-- @BeforeMethod clickpanel -->
  <testcase classname="com.ghg.RenewableEnergyAllEndUserSectors" name="@AfterMethod goback1" time="-1.613008999056E9">
    <skipped/>
  </testcase> <!-- @AfterMethod goback1 -->
  <testcase classname="com.ghg.RenewableEnergyAllEndUserSectors" name="@BeforeMethod clickpanel" time="-1.613008999059E9">
    <skipped/>
  </testcase> <!-- @BeforeMethod clickpanel -->
  <testcase classname="com.ghg.RenewableEnergyAllEndUserSectors" name="@AfterMethod goback1" time="-1.613008999066E9">
    <skipped/>
  </testcase> <!-- @AfterMethod goback1 -->
  <testcase classname="com.ghg.EngUserSector" name="EnergyUserSectorA1" time="5.697"/>
  <testcase classname="com.ghg.EngUserSector" name="EnergyUserSectorA2" time="3.39"/>
  <testcase classname="com.ghg.EngUserSector" name="EnergyUserSectorA9" time="10.464"/>
  <testcase classname="com.ghg.RenewableEnergyAllEndUserSectors" name="reportA9" time="5.029"/>
  <testcase classname="com.ghg.RenewableEnergyAllEndUserSectors" name="reportA10" time="6.585"/>
  <testcase classname="com.ghg.RenewableEnergyAllEndUserSectors" name="reportA11" time="4.832"/>
  <testcase classname="com.ghg.RenewableEnergyAllEndUserSectors" name="reportA12" time="20.134">
    <failure type="org.openqa.selenium.ElementNotInteractableException" message="element not interactable
  (Session info: chrome=88.0.4324.104)
Build info: version: &amp;apos;3.141.59&amp;apos;, revision: &amp;apos;e82be7d358&amp;apos;, time: &amp;apos;2018-11-14T08:17:03&amp;apos;
System info: host: &amp;apos;DESKTOP-LU23BNS&amp;apos;, ip: &amp;apos;192.168.1.191&amp;apos;, os.name: &amp;apos;Windows 10&amp;apos;, os.arch: &amp;apos;amd64&amp;apos;, os.version: &amp;apos;10.0&amp;apos;, java.version: &amp;apos;13.0.2&amp;apos;
Driver info: org.openqa.selenium.chrome.ChromeDriver
Capabilities {acceptInsecureCerts: false, browserName: chrome, browserVersion: 88.0.4324.104, chrome: {chromedriverVersion: 88.0.4324.96 (68dba2d8a0b14..., userDataDir: C:\Users\arun_\AppData\Loca...}, goog:chromeOptions: {debuggerAddress: localhost:57203}, javascriptEnabled: true, networkConnectionEnabled: false, pageLoadStrategy: normal, platform: WINDOWS, platformName: WINDOWS, proxy: Proxy(), setWindowRect: true, strictFileInteractability: false, timeouts: {implicit: 0, pageLoad: 300000, script: 30000}, unhandledPromptBehavior: dismiss and notify, webauthn:extension:largeBlob: true, webauthn:virtualAuthenticators: true}
Session ID: 7a94052d741c04e3ea770197b134b81f">
      <![CDATA[org.openqa.selenium.ElementNotInteractableException: element not interactable
  (Session info: chrome=88.0.4324.104)
Build info: version: '3.141.59', revision: 'e82be7d358', time: '2018-11-14T08:17:03'
System info: host: 'DESKTOP-LU23BNS', ip: '192.168.1.191', os.name: 'Windows 10', os.arch: 'amd64', os.version: '10.0', java.version: '13.0.2'
Driver info: org.openqa.selenium.chrome.ChromeDriver
Capabilities {acceptInsecureCerts: false, browserName: chrome, browserVersion: 88.0.4324.104, chrome: {chromedriverVersion: 88.0.4324.96 (68dba2d8a0b14..., userDataDir: C:\Users\arun_\AppData\Loca...}, goog:chromeOptions: {debuggerAddress: localhost:57203}, javascriptEnabled: true, networkConnectionEnabled: false, pageLoadStrategy: normal, platform: WINDOWS, platformName: WINDOWS, proxy: Proxy(), setWindowRect: true, strictFileInteractability: false, timeouts: {implicit: 0, pageLoad: 300000, script: 30000}, unhandledPromptBehavior: dismiss and notify, webauthn:extension:largeBlob: true, webauthn:virtualAuthenticators: true}
Session ID: 7a94052d741c04e3ea770197b134b81f
at org.openqa.selenium.remote.http.W3CHttpResponseCodec.createException(W3CHttpResponseCodec.java:187)
at org.openqa.selenium.remote.http.W3CHttpResponseCodec.decode(W3CHttpResponseCodec.java:122)
at org.openqa.selenium.remote.http.W3CHttpResponseCodec.decode(W3CHttpResponseCodec.java:49)
at org.openqa.selenium.remote.HttpCommandExecutor.execute(HttpCommandExecutor.java:158)
at org.openqa.selenium.remote.service.DriverCommandExecutor.execute(DriverCommandExecutor.java:83)
at org.openqa.selenium.remote.RemoteWebDriver.execute(RemoteWebDriver.java:552)
at org.openqa.selenium.remote.RemoteWebElement.execute(RemoteWebElement.java:285)
at org.openqa.selenium.remote.RemoteWebElement.click(RemoteWebElement.java:84)
at com.ghg.RenewableEnergyAllEndUserSectors.reportA12(RenewableEnergyAllEndUserSectors.java:76)
at java.base/java.util.ArrayList.forEach(ArrayList.java:1507)
... Removed 32 stack frames]]>
    </failure>
  </testcase> <!-- reportA12 -->
  <testcase classname="com.ghg.RenewableEnergyAllEndUserSectors" name="reportA13" time="0.0">
    <skipped/>
  </testcase> <!-- reportA13 -->
  <testcase classname="com.ghg.RenewableEnergyAllEndUserSectors" name="reportA14" time="0.0">
    <skipped/>
  </testcase> <!-- reportA14 -->
</testsuite> <!-- Test -->
