<?xml version="1.0" encoding="UTF-8"?>
<!-- Generated by org.testng.reporters.JUnitXMLReporter -->
<testsuite ignored="0" hostname="DESKTOP-LU23BNS" failures="0" tests="34" name="Test" time="635.55" errors="0" timestamp="2021-03-01T17:35:28 EST">
  <testcase classname="com.ghg.GoalExcludedFacilities" name="ReportC1" time="9.278"/>
  <testcase classname="com.ghg.GoalExcludedFacilities" name="ReportC2" time="5.326"/>
  <testcase classname="com.ghg.GoalExcludedFacilities" name="ReportC3" time="5.031"/>
  <testcase classname="com.ghg.GoalExcludedFacilities" name="ReportC4" time="4.819"/>
  <testcase classname="com.ghg.WaterUseF13" name="ReportF1" time="4.97"/>
  <testcase classname="com.ghg.WaterUseF13" name="ReportF2" time="7.785"/>
  <testcase classname="com.ghg.WaterUseF13" name="ReportF3" time="5.33"/>
  <testcase classname="com.ghg.GreenhouseGasEmission" name="ReportE1" time="2.698"/>
  <testcase classname="com.ghg.GreenhouseGasEmission" name="ReportE2" time="2.925"/>
  <testcase classname="com.ghg.GreenhouseGasEmission" name="ReportE3" time="3.217"/>
  <testcase classname="com.ghg.GoalSubjectBuildings" name="reportB1" time="5.554"/>
  <testcase classname="com.ghg.GoalSubjectBuildings" name="reportB2" time="5.272"/>
  <testcase classname="com.ghg.GoalSubjectBuildings" name="reportB3" time="5.055"/>
  <testcase classname="com.ghg.GoalSubjectBuildings" name="reportB4" time="4.825"/>
  <testcase classname="com.ghg.GoalSubjectBuildings" name="reportB5" time="5.064"/>
  <testcase classname="com.ghg.GoalSubjectBuildings" name="reportB6" time="7.316"/>
  <testcase classname="com.ghg.VehiclesandEquipmentD14" name="ReportD1" time="4.763"/>
  <testcase classname="com.ghg.VehiclesandEquipmentD14" name="ReportD2" time="5.586"/>
  <testcase classname="com.ghg.VehiclesandEquipmentD14" name="ReportD3" time="4.864"/>
  <testcase classname="com.ghg.EngUserSector" name="ReportA1" time="3.463"/>
  <testcase classname="com.ghg.EngUserSector" name="ReportA2" time="3.021"/>
  <testcase classname="com.ghg.EngUserSector" name="ReportA3" time="3.461"/>
  <testcase classname="com.ghg.EngUserSector" name="ReportA4" time="4.461"/>
  <testcase classname="com.ghg.EngUserSector" name="ReportA5" time="3.132"/>
  <testcase classname="com.ghg.EngUserSector" name="ReportA6" time="3.216"/>
  <testcase classname="com.ghg.EngUserSector" name="ReportA7" time="2.914"/>
  <testcase classname="com.ghg.EngUserSector" name="ReportA8" time="3.056"/>
  <testcase classname="com.ghg.EngUserSector" name="ReportA15" time="3.326"/>
  <testcase classname="com.ghg.RenewableEnergyAllEndUserSectors" name="reportA9" time="5.019"/>
  <testcase classname="com.ghg.RenewableEnergyAllEndUserSectors" name="reportA10" time="5.774"/>
  <testcase classname="com.ghg.RenewableEnergyAllEndUserSectors" name="reportA11" time="4.926"/>
  <testcase classname="com.ghg.RenewableEnergyAllEndUserSectors" name="reportA12" time="4.904"/>
  <testcase classname="com.ghg.RenewableEnergyAllEndUserSectors" name="reportA13" time="5.621"/>
  <testcase classname="com.ghg.RenewableEnergyAllEndUserSectors" name="reportA14" time="5.181"/>
</testsuite> <!-- Test -->
